TN:
SF:src/app.ts
FN:27,(anonymous_1)
FN:28,(anonymous_2)
FNF:2
FNH:0
FNDA:0,(anonymous_1)
FNDA:0,(anonymous_2)
DA:1,1
DA:2,1
DA:3,1
DA:4,1
DA:5,1
DA:6,1
DA:9,1
DA:12,1
DA:15,1
DA:18,1
DA:25,1
DA:27,0
DA:28,0
DA:31,1
DA:32,1
DA:34,1
LF:16
LH:14
BRDA:26,0,0,1
BRDA:26,0,1,0
BRF:2
BRH:1
end_of_record
TN:
SF:src/controllers/contact.controller.ts
FN:5,(anonymous_1)
FN:21,(anonymous_2)
FN:33,(anonymous_3)
FN:49,(anonymous_4)
FN:67,(anonymous_5)
FNF:5
FNH:5
FNDA:2,(anonymous_1)
FNDA:2,(anonymous_2)
FNDA:3,(anonymous_3)
FNDA:3,(anonymous_4)
FNDA:3,(anonymous_5)
DA:2,2
DA:5,2
DA:6,2
DA:7,2
DA:8,2
DA:14,2
DA:15,1
DA:17,1
DA:21,2
DA:22,2
DA:23,2
DA:27,1
DA:29,1
DA:33,2
DA:34,3
DA:35,3
DA:39,2
DA:40,1
DA:41,1
DA:43,1
DA:45,1
DA:49,2
DA:50,3
DA:51,3
DA:57,2
DA:58,1
DA:59,1
DA:61,1
DA:63,1
DA:67,2
DA:68,3
DA:69,3
DA:73,2
DA:74,1
DA:75,1
DA:78,1
DA:80,1
LF:37
LH:37
BRDA:39,0,0,1
BRDA:57,1,0,1
BRDA:73,2,0,1
BRF:3
BRH:3
end_of_record
TN:
SF:src/controllers/user.controller.ts
FN:6,(anonymous_1)
FN:28,(anonymous_2)
FN:62,(anonymous_3)
FNF:3
FNH:3
FNDA:2,(anonymous_1)
FNDA:3,(anonymous_2)
FNDA:1,(anonymous_3)
DA:2,1
DA:3,1
DA:4,1
DA:6,1
DA:7,2
DA:8,2
DA:9,2
DA:11,2
DA:12,1
DA:16,1
DA:19,1
DA:20,1
DA:21,1
DA:22,1
DA:24,0
DA:28,1
DA:29,3
DA:30,3
DA:31,3
DA:33,3
DA:34,1
DA:35,1
DA:38,2
DA:40,2
DA:41,1
DA:42,1
DA:44,1
DA:51,1
DA:57,1
DA:59,0
DA:62,1
DA:63,1
DA:64,1
LF:33
LH:31
BRDA:11,0,0,1
BRDA:33,1,0,1
BRDA:40,2,0,1
BRDA:46,3,0,1
BRDA:46,3,1,0
BRF:5
BRH:4
end_of_record
TN:
SF:src/dtos/contact.dto.ts
FN:16,(anonymous_2)
FNF:1
FNH:0
FNDA:0,(anonymous_2)
DA:1,1
DA:3,1
DA:6,1
DA:10,1
DA:14,1
DA:17,0
DA:18,0
DA:19,0
LF:8
LH:5
BRF:0
BRH:0
end_of_record
TN:
SF:src/dtos/user.dto.ts
FN:17,(anonymous_2)
FNF:1
FNH:1
FNDA:5,(anonymous_2)
DA:1,1
DA:7,1
DA:10,1
DA:15,1
DA:18,5
DA:19,5
LF:6
LH:6
BRF:0
BRH:0
end_of_record
TN:
SF:src/middleware/auth.middleware.ts
FN:8,(anonymous_1)
FNF:1
FNH:0
FNDA:0,(anonymous_1)
DA:2,1
DA:8,1
DA:13,0
DA:14,0
DA:15,0
DA:16,0
DA:19,0
DA:20,0
DA:24,0
DA:25,0
DA:27,0
DA:28,0
LF:12
LH:2
BRDA:14,0,0,0
BRDA:22,1,0,0
BRDA:22,1,1,0
BRF:3
BRH:0
end_of_record
TN:
SF:src/middleware/validation.middleware.ts
FN:5,(anonymous_0)
FN:6,(anonymous_1)
FN:11,(anonymous_2)
FNF:3
FNH:2
FNDA:4,(anonymous_0)
FNDA:5,(anonymous_1)
FNDA:0,(anonymous_2)
DA:2,1
DA:3,1
DA:5,1
DA:6,4
DA:7,5
DA:8,5
DA:10,5
DA:11,0
DA:12,0
DA:18,0
DA:22,0
DA:25,5
LF:12
LH:8
BRDA:10,0,0,0
BRDA:14,1,0,0
BRDA:14,1,1,0
BRF:3
BRH:0
end_of_record
TN:
SF:src/models/contact.model.ts
FNF:0
FNH:0
DA:1,2
DA:10,2
DA:20,2
LF:3
LH:3
BRF:0
BRH:0
end_of_record
TN:
SF:src/models/user.model.ts
FN:18,(anonymous_1)
FNF:1
FNH:0
FNDA:0,(anonymous_1)
DA:1,1
DA:2,1
DA:10,1
DA:18,1
DA:21,0
DA:24,1
LF:6
LH:5
BRF:0
BRH:0
end_of_record
TN:
SF:src/routes/contact.route.ts
FNF:0
FNH:0
DA:1,1
DA:2,1
DA:3,1
DA:10,1
DA:11,1
DA:13,1
DA:15,1
DA:22,1
DA:23,1
DA:24,1
DA:30,1
DA:32,1
LF:12
LH:12
BRF:0
BRH:0
end_of_record
TN:
SF:src/routes/user.route.ts
FNF:0
FNH:0
DA:1,1
DA:2,1
DA:3,1
DA:4,1
DA:5,1
DA:7,1
DA:8,1
DA:9,1
DA:11,1
LF:9
LH:9
BRF:0
BRH:0
end_of_record
